  [1m[36m (0.0ms)[0m  [1mSELECT "schema_migrations"."version" FROM "schema_migrations" [0m
Migrating to DeviseCreateUsers (20120223014729)
Migrating to CreateForetellings (20120223015842)
Migrating to CreateForetellingVotes (20120223021926)
  [1m[35m (0.0ms)[0m  select sqlite_version(*)
  [1m[36m (0.0ms)[0m  [1mSELECT "schema_migrations"."version" FROM "schema_migrations" [0m
  [1m[35m (0.0ms)[0m  PRAGMA index_list("foretelling_votes")
  [1m[36m (0.0ms)[0m  [1mPRAGMA index_list("foretellings")[0m
  [1m[35m (0.0ms)[0m  PRAGMA index_list("users")
  [1m[36m (0.0ms)[0m  [1mPRAGMA index_info('index_users_on_reset_password_token')[0m
  [1m[35m (0.0ms)[0m  PRAGMA index_info('index_users_on_email')


Started GET "/images/prev.png" for 127.0.0.1 at 2012-02-23 18:53:17 +0100


Started GET "/assets/images/stoeffchen.png" for 127.0.0.1 at 2012-02-23 18:53:17 +0100


Started GET "/assets/rails.png" for 127.0.0.1 at 2012-02-23 18:53:20 +0100
Served asset /rails.png - 200 OK (195ms)


Started GET "/" for 127.0.0.1 at 2012-02-23 18:54:28 +0100

ActionController::RoutingError (uninitialized constant HomeController):
  activesupport (3.2.1) lib/active_support/inflector/methods.rb:229:in `block in constantize'
  activesupport (3.2.1) lib/active_support/inflector/methods.rb:228:in `each'
  activesupport (3.2.1) lib/active_support/inflector/methods.rb:228:in `constantize'
  actionpack (3.2.1) lib/action_dispatch/routing/route_set.rb:62:in `controller_reference'
  actionpack (3.2.1) lib/action_dispatch/routing/route_set.rb:47:in `controller'
  actionpack (3.2.1) lib/action_dispatch/routing/route_set.rb:26:in `call'
  journey (1.0.3) lib/journey/router.rb:68:in `block in call'
  journey (1.0.3) lib/journey/router.rb:56:in `each'
  journey (1.0.3) lib/journey/router.rb:56:in `call'
  actionpack (3.2.1) lib/action_dispatch/routing/route_set.rb:589:in `call'
  warden (1.1.1) lib/warden/manager.rb:35:in `block in call'
  warden (1.1.1) lib/warden/manager.rb:34:in `catch'
  warden (1.1.1) lib/warden/manager.rb:34:in `call'
  actionpack (3.2.1) lib/action_dispatch/middleware/best_standards_support.rb:17:in `call'
  rack (1.4.1) lib/rack/etag.rb:23:in `call'
  rack (1.4.1) lib/rack/conditionalget.rb:25:in `call'
  actionpack (3.2.1) lib/action_dispatch/middleware/head.rb:14:in `call'
  actionpack (3.2.1) lib/action_dispatch/middleware/params_parser.rb:21:in `call'
  actionpack (3.2.1) lib/action_dispatch/middleware/flash.rb:242:in `call'
  rack (1.4.1) lib/rack/session/abstract/id.rb:205:in `context'
  rack (1.4.1) lib/rack/session/abstract/id.rb:200:in `call'
  actionpack (3.2.1) lib/action_dispatch/middleware/cookies.rb:338:in `call'
  activerecord (3.2.1) lib/active_record/query_cache.rb:64:in `call'
  activerecord (3.2.1) lib/active_record/connection_adapters/abstract/connection_pool.rb:443:in `call'
  actionpack (3.2.1) lib/action_dispatch/middleware/callbacks.rb:28:in `block in call'
  activesupport (3.2.1) lib/active_support/callbacks.rb:405:in `_run__218881753__call__127667527__callbacks'
  activesupport (3.2.1) lib/active_support/callbacks.rb:405:in `__run_callback'
  activesupport (3.2.1) lib/active_support/callbacks.rb:385:in `_run_call_callbacks'
  activesupport (3.2.1) lib/active_support/callbacks.rb:81:in `run_callbacks'
  actionpack (3.2.1) lib/action_dispatch/middleware/callbacks.rb:27:in `call'
  actionpack (3.2.1) lib/action_dispatch/middleware/reloader.rb:65:in `call'
  actionpack (3.2.1) lib/action_dispatch/middleware/remote_ip.rb:31:in `call'
  actionpack (3.2.1) lib/action_dispatch/middleware/debug_exceptions.rb:16:in `call'
  actionpack (3.2.1) lib/action_dispatch/middleware/show_exceptions.rb:56:in `call'
  railties (3.2.1) lib/rails/rack/logger.rb:26:in `call_app'
  railties (3.2.1) lib/rails/rack/logger.rb:16:in `call'
  actionpack (3.2.1) lib/action_dispatch/middleware/request_id.rb:22:in `call'
  rack (1.4.1) lib/rack/methodoverride.rb:21:in `call'
  rack (1.4.1) lib/rack/runtime.rb:17:in `call'
  activesupport (3.2.1) lib/active_support/cache/strategy/local_cache.rb:72:in `call'
  rack (1.4.1) lib/rack/lock.rb:15:in `call'
  actionpack (3.2.1) lib/action_dispatch/middleware/static.rb:53:in `call'
  railties (3.2.1) lib/rails/engine.rb:479:in `call'
  railties (3.2.1) lib/rails/application.rb:220:in `call'
  rack (1.4.1) lib/rack/content_length.rb:14:in `call'
  railties (3.2.1) lib/rails/rack/log_tailer.rb:14:in `call'
  rack (1.4.1) lib/rack/handler/webrick.rb:59:in `service'
  C:/Ruby193a/lib/ruby/1.9.1/webrick/httpserver.rb:138:in `service'
  C:/Ruby193a/lib/ruby/1.9.1/webrick/httpserver.rb:94:in `run'
  C:/Ruby193a/lib/ruby/1.9.1/webrick/server.rb:191:in `block in start_thread'


  Rendered C:/Ruby193a/lib/ruby/gems/1.9.1/gems/actionpack-3.2.1/lib/action_dispatch/middleware/templates/rescues/routing_error.erb within rescues/layout (46.0ms)


Started GET "/users" for 127.0.0.1 at 2012-02-23 18:55:46 +0100

ActionController::RoutingError (No route matches [GET] "/users"):
  actionpack (3.2.1) lib/action_dispatch/middleware/debug_exceptions.rb:21:in `call'
  actionpack (3.2.1) lib/action_dispatch/middleware/show_exceptions.rb:56:in `call'
  railties (3.2.1) lib/rails/rack/logger.rb:26:in `call_app'
  railties (3.2.1) lib/rails/rack/logger.rb:16:in `call'
  actionpack (3.2.1) lib/action_dispatch/middleware/request_id.rb:22:in `call'
  rack (1.4.1) lib/rack/methodoverride.rb:21:in `call'
  rack (1.4.1) lib/rack/runtime.rb:17:in `call'
  activesupport (3.2.1) lib/active_support/cache/strategy/local_cache.rb:72:in `call'
  rack (1.4.1) lib/rack/lock.rb:15:in `call'
  actionpack (3.2.1) lib/action_dispatch/middleware/static.rb:53:in `call'
  railties (3.2.1) lib/rails/engine.rb:479:in `call'
  railties (3.2.1) lib/rails/application.rb:220:in `call'
  rack (1.4.1) lib/rack/content_length.rb:14:in `call'
  railties (3.2.1) lib/rails/rack/log_tailer.rb:14:in `call'
  rack (1.4.1) lib/rack/handler/webrick.rb:59:in `service'
  C:/Ruby193a/lib/ruby/1.9.1/webrick/httpserver.rb:138:in `service'
  C:/Ruby193a/lib/ruby/1.9.1/webrick/httpserver.rb:94:in `run'
  C:/Ruby193a/lib/ruby/1.9.1/webrick/server.rb:191:in `block in start_thread'


  Rendered C:/Ruby193a/lib/ruby/gems/1.9.1/gems/actionpack-3.2.1/lib/action_dispatch/middleware/templates/rescues/routing_error.erb within rescues/layout (1.0ms)


Started GET "/login" for 127.0.0.1 at 2012-02-23 18:56:05 +0100

ActionController::RoutingError (No route matches [GET] "/login"):
  actionpack (3.2.1) lib/action_dispatch/middleware/debug_exceptions.rb:21:in `call'
  actionpack (3.2.1) lib/action_dispatch/middleware/show_exceptions.rb:56:in `call'
  railties (3.2.1) lib/rails/rack/logger.rb:26:in `call_app'
  railties (3.2.1) lib/rails/rack/logger.rb:16:in `call'
  actionpack (3.2.1) lib/action_dispatch/middleware/request_id.rb:22:in `call'
  rack (1.4.1) lib/rack/methodoverride.rb:21:in `call'
  rack (1.4.1) lib/rack/runtime.rb:17:in `call'
  activesupport (3.2.1) lib/active_support/cache/strategy/local_cache.rb:72:in `call'
  rack (1.4.1) lib/rack/lock.rb:15:in `call'
  actionpack (3.2.1) lib/action_dispatch/middleware/static.rb:53:in `call'
  railties (3.2.1) lib/rails/engine.rb:479:in `call'
  railties (3.2.1) lib/rails/application.rb:220:in `call'
  rack (1.4.1) lib/rack/content_length.rb:14:in `call'
  railties (3.2.1) lib/rails/rack/log_tailer.rb:14:in `call'
  rack (1.4.1) lib/rack/handler/webrick.rb:59:in `service'
  C:/Ruby193a/lib/ruby/1.9.1/webrick/httpserver.rb:138:in `service'
  C:/Ruby193a/lib/ruby/1.9.1/webrick/httpserver.rb:94:in `run'
  C:/Ruby193a/lib/ruby/1.9.1/webrick/server.rb:191:in `block in start_thread'


  Rendered C:/Ruby193a/lib/ruby/gems/1.9.1/gems/actionpack-3.2.1/lib/action_dispatch/middleware/templates/rescues/routing_error.erb within rescues/layout (1.0ms)


Started GET "/user/login" for 127.0.0.1 at 2012-02-23 18:56:12 +0100

ActionController::RoutingError (No route matches [GET] "/user/login"):
  actionpack (3.2.1) lib/action_dispatch/middleware/debug_exceptions.rb:21:in `call'
  actionpack (3.2.1) lib/action_dispatch/middleware/show_exceptions.rb:56:in `call'
  railties (3.2.1) lib/rails/rack/logger.rb:26:in `call_app'
  railties (3.2.1) lib/rails/rack/logger.rb:16:in `call'
  actionpack (3.2.1) lib/action_dispatch/middleware/request_id.rb:22:in `call'
  rack (1.4.1) lib/rack/methodoverride.rb:21:in `call'
  rack (1.4.1) lib/rack/runtime.rb:17:in `call'
  activesupport (3.2.1) lib/active_support/cache/strategy/local_cache.rb:72:in `call'
  rack (1.4.1) lib/rack/lock.rb:15:in `call'
  actionpack (3.2.1) lib/action_dispatch/middleware/static.rb:53:in `call'
  railties (3.2.1) lib/rails/engine.rb:479:in `call'
  railties (3.2.1) lib/rails/application.rb:220:in `call'
  rack (1.4.1) lib/rack/content_length.rb:14:in `call'
  railties (3.2.1) lib/rails/rack/log_tailer.rb:14:in `call'
  rack (1.4.1) lib/rack/handler/webrick.rb:59:in `service'
  C:/Ruby193a/lib/ruby/1.9.1/webrick/httpserver.rb:138:in `service'
  C:/Ruby193a/lib/ruby/1.9.1/webrick/httpserver.rb:94:in `run'
  C:/Ruby193a/lib/ruby/1.9.1/webrick/server.rb:191:in `block in start_thread'


  Rendered C:/Ruby193a/lib/ruby/gems/1.9.1/gems/actionpack-3.2.1/lib/action_dispatch/middleware/templates/rescues/routing_error.erb within rescues/layout (0.0ms)


Started GET "/users/sign_in" for 127.0.0.1 at 2012-02-23 18:58:22 +0100
Processing by Devise::SessionsController#new as HTML
  Rendered C:/Ruby193a/lib/ruby/gems/1.9.1/gems/devise-2.0.4/app/views/devise/_links.erb (2.0ms)
  Rendered C:/Ruby193a/lib/ruby/gems/1.9.1/gems/devise-2.0.4/app/views/devise/sessions/new.html.erb within layouts/application (87.0ms)
Compiled application.css  (2ms)  (pid 3424)
Compiled jquery.js  (8ms)  (pid 3424)
Compiled jquery_ujs.js  (0ms)  (pid 3424)
Compiled application.js  (180ms)  (pid 3424)
Completed 200 OK in 1215ms (Views: 1024.1ms | ActiveRecord: 15.0ms)


Started GET "/assets/application.css?body=1" for 127.0.0.1 at 2012-02-23 18:58:24 +0100
Served asset /application.css - 200 OK (112ms)


Started GET "/assets/jquery.js?body=1" for 127.0.0.1 at 2012-02-23 18:58:25 +0100
Served asset /jquery.js - 304 Not Modified (8ms)


Started GET "/assets/application.js?body=1" for 127.0.0.1 at 2012-02-23 18:58:25 +0100
Served asset /application.js - 200 OK (11ms)


Started GET "/assets/jquery_ujs.js?body=1" for 127.0.0.1 at 2012-02-23 18:58:25 +0100
Served asset /jquery_ujs.js - 304 Not Modified (3ms)


Started POST "/users/sign_in" for 127.0.0.1 at 2012-02-23 18:58:27 +0100
Processing by Devise::SessionsController#create as HTML
  Parameters: {"utf8"=>"✓", "authenticity_token"=>"XZBk6Eyy/bMwPh4nyDxvd6r13i+EV6YqK0ftZ9i1UlY=", "user"=>{"email"=>"", "password"=>"[FILTERED]", "remember_me"=>"0"}, "commit"=>"Sign in"}
Completed 401 Unauthorized in 1ms
Processing by Devise::SessionsController#new as HTML
  Parameters: {"utf8"=>"✓", "authenticity_token"=>"XZBk6Eyy/bMwPh4nyDxvd6r13i+EV6YqK0ftZ9i1UlY=", "user"=>{"email"=>"", "password"=>"[FILTERED]", "remember_me"=>"0"}, "commit"=>"Sign in"}
  Rendered C:/Ruby193a/lib/ruby/gems/1.9.1/gems/devise-2.0.4/app/views/devise/_links.erb (1.0ms)
  Rendered C:/Ruby193a/lib/ruby/gems/1.9.1/gems/devise-2.0.4/app/views/devise/sessions/new.html.erb within layouts/application (7.0ms)
Completed 200 OK in 18ms (Views: 17.0ms | ActiveRecord: 0.0ms)


Started GET "/assets/jquery.js?body=1" for 127.0.0.1 at 2012-02-23 18:58:27 +0100
Served asset /jquery.js - 304 Not Modified (1ms)


Started GET "/assets/application.css?body=1" for 127.0.0.1 at 2012-02-23 18:58:27 +0100
Served asset /application.css - 304 Not Modified (0ms)


Started GET "/assets/jquery_ujs.js?body=1" for 127.0.0.1 at 2012-02-23 18:58:28 +0100
Served asset /jquery_ujs.js - 304 Not Modified (0ms)


Started GET "/assets/application.js?body=1" for 127.0.0.1 at 2012-02-23 18:58:28 +0100
Served asset /application.js - 304 Not Modified (0ms)


Started GET "/users/sign_up" for 127.0.0.1 at 2012-02-23 19:22:04 +0100
Processing by Devise::RegistrationsController#new as HTML
  Rendered C:/Ruby193a/lib/ruby/gems/1.9.1/gems/devise-2.0.4/app/views/devise/_links.erb (0.0ms)
  Rendered C:/Ruby193a/lib/ruby/gems/1.9.1/gems/devise-2.0.4/app/views/devise/registrations/new.html.erb within layouts/application (9.0ms)
Completed 200 OK in 19ms (Views: 18.0ms | ActiveRecord: 0.0ms)


Started GET "/assets/application.css?body=1" for 127.0.0.1 at 2012-02-23 19:22:04 +0100
Served asset /application.css - 304 Not Modified (0ms)


Started GET "/assets/jquery_ujs.js?body=1" for 127.0.0.1 at 2012-02-23 19:22:05 +0100
Served asset /jquery_ujs.js - 304 Not Modified (0ms)


Started GET "/assets/application.js?body=1" for 127.0.0.1 at 2012-02-23 19:22:05 +0100
Served asset /application.js - 304 Not Modified (0ms)


Started GET "/assets/jquery.js?body=1" for 127.0.0.1 at 2012-02-23 19:22:05 +0100
Served asset /jquery.js - 304 Not Modified (0ms)


Started POST "/users" for 127.0.0.1 at 2012-02-23 19:22:15 +0100
Processing by Devise::RegistrationsController#create as HTML
  Parameters: {"utf8"=>"✓", "authenticity_token"=>"XZBk6Eyy/bMwPh4nyDxvd6r13i+EV6YqK0ftZ9i1UlY=", "user"=>{"email"=>"0xf013@gmail.com", "password"=>"[FILTERED]", "password_confirmation"=>"[FILTERED]"}, "commit"=>"Sign up"}
  [1m[36m (0.0ms)[0m  [1mbegin transaction[0m
  [1m[35mUser Exists (12.0ms)[0m  SELECT 1 FROM "users" WHERE "users"."email" = '0xf013@gmail.com' LIMIT 1
Binary data inserted for `string` type on column `encrypted_password`
  [1m[36mSQL (59.0ms)[0m  [1mINSERT INTO "users" ("created_at", "current_sign_in_at", "current_sign_in_ip", "email", "encrypted_password", "last_sign_in_at", "last_sign_in_ip", "remember_created_at", "reset_password_sent_at", "reset_password_token", "sign_in_count", "updated_at") VALUES (?, ?, ?, ?, ?, ?, ?, ?, ?, ?, ?, ?)[0m  [["created_at", Thu, 23 Feb 2012 18:22:16 UTC +00:00], ["current_sign_in_at", nil], ["current_sign_in_ip", nil], ["email", "0xf013@gmail.com"], ["encrypted_password", "$2a$10$Sb85kPO37wdV6FDb8YUKJuNW3aUK2fij9JkZvINqgS9c/fClOqKEW"], ["last_sign_in_at", nil], ["last_sign_in_ip", nil], ["remember_created_at", nil], ["reset_password_sent_at", nil], ["reset_password_token", nil], ["sign_in_count", 0], ["updated_at", Thu, 23 Feb 2012 18:22:16 UTC +00:00]]
  [1m[35m (155.0ms)[0m  commit transaction
  [1m[36m (0.0ms)[0m  [1mbegin transaction[0m
  [1m[35m (1.0ms)[0m  UPDATE "users" SET "last_sign_in_at" = '2012-02-23 18:22:16.351628', "current_sign_in_at" = '2012-02-23 18:22:16.351628', "last_sign_in_ip" = '127.0.0.1', "current_sign_in_ip" = '127.0.0.1', "sign_in_count" = 1, "updated_at" = '2012-02-23 18:22:16.352628' WHERE "users"."id" = 1
  [1m[36m (114.0ms)[0m  [1mcommit transaction[0m
Redirected to http://localhost:3000/
Completed 302 Found in 768ms (ActiveRecord: 0.0ms)


Started GET "/" for 127.0.0.1 at 2012-02-23 19:22:16 +0100

ActionController::RoutingError (uninitialized constant HomeController):
  activesupport (3.2.1) lib/active_support/inflector/methods.rb:229:in `block in constantize'
  activesupport (3.2.1) lib/active_support/inflector/methods.rb:228:in `each'
  activesupport (3.2.1) lib/active_support/inflector/methods.rb:228:in `constantize'
  actionpack (3.2.1) lib/action_dispatch/routing/route_set.rb:62:in `controller_reference'
  actionpack (3.2.1) lib/action_dispatch/routing/route_set.rb:47:in `controller'
  actionpack (3.2.1) lib/action_dispatch/routing/route_set.rb:26:in `call'
  journey (1.0.3) lib/journey/router.rb:68:in `block in call'
  journey (1.0.3) lib/journey/router.rb:56:in `each'
  journey (1.0.3) lib/journey/router.rb:56:in `call'
  actionpack (3.2.1) lib/action_dispatch/routing/route_set.rb:589:in `call'
  warden (1.1.1) lib/warden/manager.rb:35:in `block in call'
  warden (1.1.1) lib/warden/manager.rb:34:in `catch'
  warden (1.1.1) lib/warden/manager.rb:34:in `call'
  actionpack (3.2.1) lib/action_dispatch/middleware/best_standards_support.rb:17:in `call'
  rack (1.4.1) lib/rack/etag.rb:23:in `call'
  rack (1.4.1) lib/rack/conditionalget.rb:25:in `call'
  actionpack (3.2.1) lib/action_dispatch/middleware/head.rb:14:in `call'
  actionpack (3.2.1) lib/action_dispatch/middleware/params_parser.rb:21:in `call'
  actionpack (3.2.1) lib/action_dispatch/middleware/flash.rb:242:in `call'
  rack (1.4.1) lib/rack/session/abstract/id.rb:205:in `context'
  rack (1.4.1) lib/rack/session/abstract/id.rb:200:in `call'
  actionpack (3.2.1) lib/action_dispatch/middleware/cookies.rb:338:in `call'
  activerecord (3.2.1) lib/active_record/query_cache.rb:64:in `call'
  activerecord (3.2.1) lib/active_record/connection_adapters/abstract/connection_pool.rb:443:in `call'
  actionpack (3.2.1) lib/action_dispatch/middleware/callbacks.rb:28:in `block in call'
  activesupport (3.2.1) lib/active_support/callbacks.rb:405:in `_run__1068518715__call__96368929__callbacks'
  activesupport (3.2.1) lib/active_support/callbacks.rb:405:in `__run_callback'
  activesupport (3.2.1) lib/active_support/callbacks.rb:385:in `_run_call_callbacks'
  activesupport (3.2.1) lib/active_support/callbacks.rb:81:in `run_callbacks'
  actionpack (3.2.1) lib/action_dispatch/middleware/callbacks.rb:27:in `call'
  actionpack (3.2.1) lib/action_dispatch/middleware/reloader.rb:65:in `call'
  actionpack (3.2.1) lib/action_dispatch/middleware/remote_ip.rb:31:in `call'
  actionpack (3.2.1) lib/action_dispatch/middleware/debug_exceptions.rb:16:in `call'
  actionpack (3.2.1) lib/action_dispatch/middleware/show_exceptions.rb:56:in `call'
  railties (3.2.1) lib/rails/rack/logger.rb:26:in `call_app'
  railties (3.2.1) lib/rails/rack/logger.rb:16:in `call'
  actionpack (3.2.1) lib/action_dispatch/middleware/request_id.rb:22:in `call'
  rack (1.4.1) lib/rack/methodoverride.rb:21:in `call'
  rack (1.4.1) lib/rack/runtime.rb:17:in `call'
  activesupport (3.2.1) lib/active_support/cache/strategy/local_cache.rb:72:in `call'
  rack (1.4.1) lib/rack/lock.rb:15:in `call'
  actionpack (3.2.1) lib/action_dispatch/middleware/static.rb:53:in `call'
  railties (3.2.1) lib/rails/engine.rb:479:in `call'
  railties (3.2.1) lib/rails/application.rb:220:in `call'
  rack (1.4.1) lib/rack/content_length.rb:14:in `call'
  railties (3.2.1) lib/rails/rack/log_tailer.rb:14:in `call'
  rack (1.4.1) lib/rack/handler/webrick.rb:59:in `service'
  C:/Ruby193a/lib/ruby/1.9.1/webrick/httpserver.rb:138:in `service'
  C:/Ruby193a/lib/ruby/1.9.1/webrick/httpserver.rb:94:in `run'
  C:/Ruby193a/lib/ruby/1.9.1/webrick/server.rb:191:in `block in start_thread'


  Rendered C:/Ruby193a/lib/ruby/gems/1.9.1/gems/actionpack-3.2.1/lib/action_dispatch/middleware/templates/rescues/routing_error.erb within rescues/layout (1.0ms)
  [1m[36m (0.0ms)[0m  [1mSELECT "schema_migrations"."version" FROM "schema_migrations" [0m
Migrating to DeviseCreateUsers (20120223014729)
Migrating to CreateForetellings (20120223015842)
Migrating to CreateForetellingVotes (20120223021926)
Migrating to AddIsPersonalToForetelling (20120224001650)
  [1m[35m (0.0ms)[0m  select sqlite_version(*)
  [1m[36m (0.0ms)[0m  [1mbegin transaction[0m
  [1m[35m (2.0ms)[0m  ALTER TABLE "foretellings" ADD "is_personal" boolean
  [1m[36m (0.0ms)[0m  [1mINSERT INTO "schema_migrations" ("version") VALUES ('20120224001650')[0m
  [1m[35m (155.0ms)[0m  commit transaction
  [1m[36m (1.0ms)[0m  [1mselect sqlite_version(*)[0m
  [1m[35m (0.0ms)[0m  SELECT "schema_migrations"."version" FROM "schema_migrations" 
  [1m[36m (0.0ms)[0m  [1mPRAGMA index_list("foretelling_votes")[0m
  [1m[35m (0.0ms)[0m  PRAGMA index_list("foretellings")
  [1m[36m (0.0ms)[0m  [1mPRAGMA index_list("users")[0m
  [1m[35m (0.0ms)[0m  PRAGMA index_info('index_users_on_reset_password_token')
  [1m[36m (0.0ms)[0m  [1mPRAGMA index_info('index_users_on_email')[0m
